DEB [20170308-15:39:00.208] thr=1   paramiko.transport: starting thread (client mode): 0x35a40050L
DEB [20170308-15:39:00.208] thr=1   paramiko.transport: Local version/idstring: SSH-2.0-paramiko_1.17.2
DEB [20170308-15:39:00.230] thr=1   paramiko.transport: starting thread (client mode): 0x35ab4fd0L
DEB [20170308-15:39:00.231] thr=1   paramiko.transport: Local version/idstring: SSH-2.0-paramiko_1.17.2
DEB [20170308-15:39:00.252] thr=1   paramiko.transport: Remote version/idstring: SSH-2.0-OpenSSH_6.6.1
INF [20170308-15:39:00.253] thr=1   paramiko.transport: Connected (version 2.0, client OpenSSH_6.6.1)
DEB [20170308-15:39:00.279] thr=1   paramiko.transport: Remote version/idstring: SSH-2.0-OpenSSH_6.6.1
INF [20170308-15:39:00.280] thr=1   paramiko.transport: Connected (version 2.0, client OpenSSH_6.6.1)
DEB [20170308-15:39:00.283] thr=1   paramiko.transport: kex algos:[u'curve25519-sha256@libssh.org', u'ecdh-sha2-nistp256', u'ecdh-sha2-nistp384', u'ecdh-sha2-nistp521', u'diffie-hellman-group-exchange-sha256', u'diffie-hellman-group-exchange-sha1', u'diffie-hellman-group14-sha1', u'diffie-hellman-group1-sha1'] server key:[u'ssh-rsa', u'ecdsa-sha2-nistp256', u'ssh-ed25519'] client encrypt:[u'aes128-ctr', u'aes192-ctr', u'aes256-ctr', u'arcfour256', u'arcfour128', u'aes128-gcm@openssh.com', u'aes256-gcm@openssh.com', u'chacha20-poly1305@openssh.com', u'aes128-cbc', u'3des-cbc', u'blowfish-cbc', u'cast128-cbc', u'aes192-cbc', u'aes256-cbc', u'arcfour', u'rijndael-cbc@lysator.liu.se'] server encrypt:[u'aes128-ctr', u'aes192-ctr', u'aes256-ctr', u'arcfour256', u'arcfour128', u'aes128-gcm@openssh.com', u'aes256-gcm@openssh.com', u'chacha20-poly1305@openssh.com', u'aes128-cbc', u'3des-cbc', u'blowfish-cbc', u'cast128-cbc', u'aes192-cbc', u'aes256-cbc', u'arcfour', u'rijndael-cbc@lysator.liu.se'] client mac:[u'hmac-md5-etm@openssh.com', u'hmac-sha1-etm@openssh.com', u'umac-64-etm@openssh.com', u'umac-128-etm@openssh.com', u'hmac-sha2-256-etm@openssh.com', u'hmac-sha2-512-etm@openssh.com', u'hmac-ripemd160-etm@openssh.com', u'hmac-sha1-96-etm@openssh.com', u'hmac-md5-96-etm@openssh.com', u'hmac-md5', u'hmac-sha1', u'umac-64@openssh.com', u'umac-128@openssh.com', u'hmac-sha2-256', u'hmac-sha2-512', u'hmac-ripemd160', u'hmac-ripemd160@openssh.com', u'hmac-sha1-96', u'hmac-md5-96'] server mac:[u'hmac-md5-etm@openssh.com', u'hmac-sha1-etm@openssh.com', u'umac-64-etm@openssh.com', u'umac-128-etm@openssh.com', u'hmac-sha2-256-etm@openssh.com', u'hmac-sha2-512-etm@openssh.com', u'hmac-ripemd160-etm@openssh.com', u'hmac-sha1-96-etm@openssh.com', u'hmac-md5-96-etm@openssh.com', u'hmac-md5', u'hmac-sha1', u'umac-64@openssh.com', u'umac-128@openssh.com', u'hmac-sha2-256', u'hmac-sha2-512', u'hmac-ripemd160', u'hmac-ripemd160@openssh.com', u'hmac-sha1-96', u'hmac-md5-96'] client compress:[u'none', u'zlib@openssh.com'] server compress:[u'none', u'zlib@openssh.com'] client lang:[u''] server lang:[u''] kex follows?False
DEB [20170308-15:39:00.283] thr=1   paramiko.transport: Kex agreed: diffie-hellman-group1-sha1
DEB [20170308-15:39:00.284] thr=1   paramiko.transport: Cipher agreed: aes128-ctr
DEB [20170308-15:39:00.284] thr=1   paramiko.transport: MAC agreed: hmac-sha2-256
DEB [20170308-15:39:00.284] thr=1   paramiko.transport: Compression agreed: none
DEB [20170308-15:39:00.306] thr=1   paramiko.transport: kex algos:[u'curve25519-sha256@libssh.org', u'ecdh-sha2-nistp256', u'ecdh-sha2-nistp384', u'ecdh-sha2-nistp521', u'diffie-hellman-group-exchange-sha256', u'diffie-hellman-group-exchange-sha1', u'diffie-hellman-group14-sha1', u'diffie-hellman-group1-sha1'] server key:[u'ssh-rsa', u'ecdsa-sha2-nistp256', u'ssh-ed25519'] client encrypt:[u'aes128-ctr', u'aes192-ctr', u'aes256-ctr', u'arcfour256', u'arcfour128', u'aes128-gcm@openssh.com', u'aes256-gcm@openssh.com', u'chacha20-poly1305@openssh.com', u'aes128-cbc', u'3des-cbc', u'blowfish-cbc', u'cast128-cbc', u'aes192-cbc', u'aes256-cbc', u'arcfour', u'rijndael-cbc@lysator.liu.se'] server encrypt:[u'aes128-ctr', u'aes192-ctr', u'aes256-ctr', u'arcfour256', u'arcfour128', u'aes128-gcm@openssh.com', u'aes256-gcm@openssh.com', u'chacha20-poly1305@openssh.com', u'aes128-cbc', u'3des-cbc', u'blowfish-cbc', u'cast128-cbc', u'aes192-cbc', u'aes256-cbc', u'arcfour', u'rijndael-cbc@lysator.liu.se'] client mac:[u'hmac-md5-etm@openssh.com', u'hmac-sha1-etm@openssh.com', u'umac-64-etm@openssh.com', u'umac-128-etm@openssh.com', u'hmac-sha2-256-etm@openssh.com', u'hmac-sha2-512-etm@openssh.com', u'hmac-ripemd160-etm@openssh.com', u'hmac-sha1-96-etm@openssh.com', u'hmac-md5-96-etm@openssh.com', u'hmac-md5', u'hmac-sha1', u'umac-64@openssh.com', u'umac-128@openssh.com', u'hmac-sha2-256', u'hmac-sha2-512', u'hmac-ripemd160', u'hmac-ripemd160@openssh.com', u'hmac-sha1-96', u'hmac-md5-96'] server mac:[u'hmac-md5-etm@openssh.com', u'hmac-sha1-etm@openssh.com', u'umac-64-etm@openssh.com', u'umac-128-etm@openssh.com', u'hmac-sha2-256-etm@openssh.com', u'hmac-sha2-512-etm@openssh.com', u'hmac-ripemd160-etm@openssh.com', u'hmac-sha1-96-etm@openssh.com', u'hmac-md5-96-etm@openssh.com', u'hmac-md5', u'hmac-sha1', u'umac-64@openssh.com', u'umac-128@openssh.com', u'hmac-sha2-256', u'hmac-sha2-512', u'hmac-ripemd160', u'hmac-ripemd160@openssh.com', u'hmac-sha1-96', u'hmac-md5-96'] client compress:[u'none', u'zlib@openssh.com'] server compress:[u'none', u'zlib@openssh.com'] client lang:[u''] server lang:[u''] kex follows?False
DEB [20170308-15:39:00.307] thr=1   paramiko.transport: Kex agreed: diffie-hellman-group1-sha1
DEB [20170308-15:39:00.307] thr=1   paramiko.transport: Cipher agreed: aes128-ctr
DEB [20170308-15:39:00.307] thr=1   paramiko.transport: MAC agreed: hmac-sha2-256
DEB [20170308-15:39:00.307] thr=1   paramiko.transport: Compression agreed: none
DEB [20170308-15:39:00.390] thr=1   paramiko.transport: kex engine KexGroup1 specified hash_algo <built-in function openssl_sha1>
DEB [20170308-15:39:00.391] thr=1   paramiko.transport: Switch to new keys ...
DEB [20170308-15:39:00.398] thr=1   paramiko.transport: kex engine KexGroup1 specified hash_algo <built-in function openssl_sha1>
DEB [20170308-15:39:00.399] thr=1   paramiko.transport: Switch to new keys ...
DEB [20170308-15:39:00.418] thr=2   paramiko.transport: Adding ssh-rsa host key for 172.16.10.162: d124e8563b79bba7052cacfb94f18c8f
DEB [20170308-15:39:00.419] thr=2   paramiko.transport: Trying SSH agent key 688274e8474ad5a4ea8d9ea402d1b810
DEB [20170308-15:39:00.454] thr=2   paramiko.transport: Adding ssh-rsa host key for 172.16.10.163: 392485f2004024e0ac4a9bd3e3d14718
DEB [20170308-15:39:00.456] thr=2   paramiko.transport: Trying SSH agent key 688274e8474ad5a4ea8d9ea402d1b810
DEB [20170308-15:39:00.491] thr=1   paramiko.transport: userauth is OK
DEB [20170308-15:39:00.493] thr=1   paramiko.transport: userauth is OK
INF [20170308-15:39:00.576] thr=1   paramiko.transport: Authentication (publickey) failed.
DEB [20170308-15:39:00.584] thr=2   paramiko.transport: Trying discovered key 688274e8474ad5a4ea8d9ea402d1b810 in /home/ori/.ssh/id_rsa
DEB [20170308-15:39:00.615] thr=1   paramiko.transport: userauth is OK
INF [20170308-15:39:00.621] thr=1   paramiko.transport: Authentication (publickey) failed.
DEB [20170308-15:39:00.658] thr=2   paramiko.transport: Trying discovered key 688274e8474ad5a4ea8d9ea402d1b810 in /home/ori/.ssh/id_rsa
DEB [20170308-15:39:00.684] thr=1   paramiko.transport: userauth is OK
INF [20170308-15:39:00.928] thr=1   paramiko.transport: Authentication (publickey) failed.
INF [20170308-15:39:00.959] thr=1   paramiko.transport: Authentication (publickey) failed.
DEB [20170308-15:39:00.992] thr=1   paramiko.transport: userauth is OK
DEB [20170308-15:39:01.018] thr=1   paramiko.transport: userauth is OK
INF [20170308-15:39:01.056] thr=1   paramiko.transport: Authentication (password) successful!
DEB [20170308-15:39:01.061] thr=2   paramiko.transport: [chan 0] Max packet in: 32768 bytes
INF [20170308-15:39:01.081] thr=1   paramiko.transport: Authentication (password) successful!
DEB [20170308-15:39:01.089] thr=1   paramiko.transport: [chan 0] Max packet out: 32768 bytes
DEB [20170308-15:39:01.089] thr=1   paramiko.transport: Secsh channel 0 opened.
DEB [20170308-15:39:01.093] thr=2   paramiko.transport: [chan 0] Max packet in: 32768 bytes
DEB [20170308-15:39:01.121] thr=1   paramiko.transport: [chan 0] Max packet out: 32768 bytes
DEB [20170308-15:39:01.122] thr=1   paramiko.transport: Secsh channel 0 opened.
DEB [20170308-15:39:01.124] thr=1   paramiko.transport: [chan 0] Sesch channel 0 request ok
DEB [20170308-15:39:01.154] thr=1   paramiko.transport: [chan 0] Sesch channel 0 request ok
DEB [20170308-15:39:01.155] thr=1   paramiko.transport: [chan 0] Sesch channel 0 request ok
DEB [20170308-15:39:01.185] thr=1   paramiko.transport: [chan 0] Sesch channel 0 request ok
DEB [20170308-15:39:01.266] thr=1   paramiko.transport: [chan 0] EOF received (0)
DEB [20170308-15:39:01.271] thr=1   paramiko.transport: [chan 0] EOF sent (0)
DEB [20170308-15:39:01.276] thr=2   paramiko.transport: [chan 1] Max packet in: 32768 bytes
DEB [20170308-15:39:01.292] thr=1   paramiko.transport: [chan 0] EOF received (0)
DEB [20170308-15:39:01.299] thr=1   paramiko.transport: [chan 0] EOF sent (0)
DEB [20170308-15:39:01.312] thr=2   paramiko.transport: [chan 1] Max packet in: 32768 bytes
DEB [20170308-15:39:01.366] thr=1   paramiko.transport: [chan 1] Max packet out: 32768 bytes
DEB [20170308-15:39:01.367] thr=1   paramiko.transport: Secsh channel 1 opened.
DEB [20170308-15:39:01.397] thr=1   paramiko.transport: [chan 1] Max packet out: 32768 bytes
DEB [20170308-15:39:01.398] thr=1   paramiko.transport: Secsh channel 1 opened.
DEB [20170308-15:39:01.409] thr=1   paramiko.transport: [chan 1] Sesch channel 1 request ok
DEB [20170308-15:39:01.442] thr=1   paramiko.transport: [chan 1] Sesch channel 1 request ok
DEB [20170308-15:39:01.442] thr=1   paramiko.transport: [chan 1] Sesch channel 1 request ok
DEB [20170308-15:39:01.475] thr=1   paramiko.transport: [chan 1] Sesch channel 1 request ok
DEB [20170308-15:39:27.237] thr=1   paramiko.transport: [chan 1] EOF received (1)
DEB [20170308-15:39:27.239] thr=1   paramiko.transport: [chan 1] EOF sent (1)
DEB [20170308-15:39:27.247] thr=2   paramiko.transport: [chan 2] Max packet in: 32768 bytes
DEB [20170308-15:39:27.348] thr=1   paramiko.transport: [chan 2] Max packet out: 32768 bytes
DEB [20170308-15:39:27.349] thr=1   paramiko.transport: Secsh channel 2 opened.
DEB [20170308-15:39:27.379] thr=1   paramiko.transport: [chan 2] Sesch channel 2 request ok
DEB [20170308-15:39:27.410] thr=1   paramiko.transport: [chan 2] Sesch channel 2 request ok
DEB [20170308-15:39:27.497] thr=1   paramiko.transport: [chan 1] EOF received (1)
DEB [20170308-15:39:27.498] thr=1   paramiko.transport: [chan 1] EOF sent (1)
DEB [20170308-15:39:27.511] thr=2   paramiko.transport: [chan 2] Max packet in: 32768 bytes
DEB [20170308-15:39:27.595] thr=1   paramiko.transport: [chan 2] Max packet out: 32768 bytes
DEB [20170308-15:39:27.595] thr=1   paramiko.transport: Secsh channel 2 opened.
DEB [20170308-15:39:27.643] thr=1   paramiko.transport: [chan 2] Sesch channel 2 request ok
DEB [20170308-15:39:27.675] thr=1   paramiko.transport: [chan 2] Sesch channel 2 request ok
DEB [20170308-15:39:27.861] thr=1   paramiko.transport: [chan 2] EOF received (2)
DEB [20170308-15:39:27.862] thr=1   paramiko.transport: [chan 2] EOF sent (2)
DEB [20170308-15:39:27.880] thr=2   paramiko.transport: [chan 3] Max packet in: 32768 bytes
DEB [20170308-15:39:27.963] thr=1   paramiko.transport: [chan 3] Max packet out: 32768 bytes
DEB [20170308-15:39:27.963] thr=1   paramiko.transport: Secsh channel 3 opened.
DEB [20170308-15:39:28.009] thr=1   paramiko.transport: [chan 3] Sesch channel 3 request ok
DEB [20170308-15:39:28.040] thr=1   paramiko.transport: [chan 3] Sesch channel 3 request ok
DEB [20170308-15:39:28.190] thr=1   paramiko.transport: [chan 2] EOF received (2)
DEB [20170308-15:39:28.191] thr=1   paramiko.transport: [chan 2] EOF sent (2)
DEB [20170308-15:39:28.200] thr=2   paramiko.transport: [chan 3] Max packet in: 32768 bytes
DEB [20170308-15:39:28.297] thr=1   paramiko.transport: [chan 3] Max packet out: 32768 bytes
DEB [20170308-15:39:28.298] thr=1   paramiko.transport: Secsh channel 3 opened.
DEB [20170308-15:39:28.330] thr=1   paramiko.transport: [chan 3] Sesch channel 3 request ok
DEB [20170308-15:39:28.360] thr=1   paramiko.transport: [chan 3] Sesch channel 3 request ok
DEB [20170308-15:39:28.528] thr=1   paramiko.transport: [chan 3] EOF received (3)
DEB [20170308-15:39:28.529] thr=1   paramiko.transport: [chan 3] EOF sent (3)
DEB [20170308-15:39:28.545] thr=2   paramiko.transport: [chan 4] Max packet in: 32768 bytes
DEB [20170308-15:39:28.628] thr=1   paramiko.transport: [chan 4] Max packet out: 32768 bytes
DEB [20170308-15:39:28.629] thr=1   paramiko.transport: Secsh channel 4 opened.
DEB [20170308-15:39:28.676] thr=1   paramiko.transport: [chan 4] Sesch channel 4 request ok
DEB [20170308-15:39:28.706] thr=1   paramiko.transport: [chan 4] Sesch channel 4 request ok
DEB [20170308-15:39:29.166] thr=1   paramiko.transport: [chan 4] EOF received (4)
DEB [20170308-15:39:29.167] thr=1   paramiko.transport: [chan 4] EOF sent (4)
DEB [20170308-15:39:29.176] thr=2   paramiko.transport: [chan 5] Max packet in: 32768 bytes
DEB [20170308-15:39:29.267] thr=1   paramiko.transport: [chan 5] Max packet out: 32768 bytes
DEB [20170308-15:39:29.268] thr=1   paramiko.transport: Secsh channel 5 opened.
DEB [20170308-15:39:29.308] thr=1   paramiko.transport: [chan 5] Sesch channel 5 request ok
DEB [20170308-15:39:29.338] thr=1   paramiko.transport: [chan 5] Sesch channel 5 request ok
DEB [20170308-15:39:29.883] thr=1   paramiko.transport: [chan 5] EOF received (5)
DEB [20170308-15:39:29.884] thr=1   paramiko.transport: [chan 3] EOF received (3)
DEB [20170308-15:39:29.884] thr=1   paramiko.transport: [chan 5] EOF sent (5)
DEB [20170308-15:39:29.885] thr=1   paramiko.transport: [chan 3] EOF sent (3)
DEB [20170308-15:39:29.900] thr=2   paramiko.transport: [chan 4] Max packet in: 32768 bytes
DEB [20170308-15:39:29.912] thr=2   paramiko.transport: [chan 6] Max packet in: 32768 bytes
DEB [20170308-15:39:29.986] thr=1   paramiko.transport: [chan 4] Max packet out: 32768 bytes
DEB [20170308-15:39:29.986] thr=1   paramiko.transport: Secsh channel 4 opened.
DEB [20170308-15:39:29.991] thr=1   paramiko.transport: [chan 6] Max packet out: 32768 bytes
DEB [20170308-15:39:29.992] thr=1   paramiko.transport: Secsh channel 6 opened.
DEB [20170308-15:39:30.032] thr=1   paramiko.transport: [chan 4] Sesch channel 4 request ok
DEB [20170308-15:39:30.041] thr=1   paramiko.transport: [chan 6] Sesch channel 6 request ok
DEB [20170308-15:39:30.062] thr=1   paramiko.transport: [chan 4] Sesch channel 4 request ok
DEB [20170308-15:39:30.072] thr=1   paramiko.transport: [chan 6] Sesch channel 6 request ok
DEB [20170308-15:39:30.600] thr=1   paramiko.transport: [chan 6] EOF received (6)
DEB [20170308-15:39:30.600] thr=1   paramiko.transport: [chan 6] EOF sent (6)
DEB [20170308-15:39:30.611] thr=2   paramiko.transport: [chan 7] Max packet in: 32768 bytes
DEB [20170308-15:39:30.707] thr=1   paramiko.transport: [chan 7] Max packet out: 32768 bytes
DEB [20170308-15:39:30.708] thr=1   paramiko.transport: Secsh channel 7 opened.
DEB [20170308-15:39:30.742] thr=1   paramiko.transport: [chan 7] Sesch channel 7 request ok
DEB [20170308-15:39:30.772] thr=1   paramiko.transport: [chan 7] Sesch channel 7 request ok
DEB [20170308-15:39:31.420] thr=1   paramiko.transport: [chan 7] EOF received (7)
DEB [20170308-15:39:31.421] thr=1   paramiko.transport: [chan 7] EOF sent (7)
DEB [20170308-15:39:31.442] thr=2   paramiko.transport: [chan 8] Max packet in: 32768 bytes
DEB [20170308-15:39:31.459] thr=1   paramiko.transport: [chan 4] EOF received (4)
DEB [20170308-15:39:31.460] thr=1   paramiko.transport: [chan 4] EOF sent (4)
DEB [20170308-15:39:31.472] thr=2   paramiko.transport: [chan 5] Max packet in: 32768 bytes
DEB [20170308-15:39:31.580] thr=1   paramiko.transport: [chan 8] Max packet out: 32768 bytes
DEB [20170308-15:39:31.580] thr=1   paramiko.transport: Secsh channel 8 opened.
DEB [20170308-15:39:31.593] thr=1   paramiko.transport: [chan 5] Max packet out: 32768 bytes
DEB [20170308-15:39:31.594] thr=1   paramiko.transport: Secsh channel 5 opened.
DEB [20170308-15:39:31.636] thr=1   paramiko.transport: [chan 5] Sesch channel 5 request ok
DEB [20170308-15:39:31.636] thr=1   paramiko.transport: [chan 8] Sesch channel 8 request ok
DEB [20170308-15:39:31.672] thr=1   paramiko.transport: [chan 8] Sesch channel 8 request ok
DEB [20170308-15:39:31.672] thr=1   paramiko.transport: [chan 5] Sesch channel 5 request ok
DEB [20170308-15:39:32.137] thr=1   paramiko.transport: [chan 8] EOF received (8)
DEB [20170308-15:39:32.139] thr=1   paramiko.transport: [chan 8] EOF sent (8)
DEB [20170308-15:39:32.147] thr=2   paramiko.transport: [chan 9] Max packet in: 32768 bytes
DEB [20170308-15:39:32.259] thr=1   paramiko.transport: [chan 9] Max packet out: 32768 bytes
DEB [20170308-15:39:32.259] thr=1   paramiko.transport: Secsh channel 9 opened.
DEB [20170308-15:39:32.293] thr=1   paramiko.transport: [chan 9] Sesch channel 9 request ok
DEB [20170308-15:39:32.327] thr=1   paramiko.transport: [chan 9] Sesch channel 9 request ok
DEB [20170308-15:39:32.475] thr=1   paramiko.transport: [chan 5] EOF received (5)
DEB [20170308-15:39:32.475] thr=1   paramiko.transport: [chan 5] EOF sent (5)
DEB [20170308-15:39:32.480] thr=2   paramiko.transport: [chan 6] Max packet in: 32768 bytes
DEB [20170308-15:39:32.579] thr=1   paramiko.transport: [chan 6] Max packet out: 32768 bytes
DEB [20170308-15:39:32.580] thr=1   paramiko.transport: Secsh channel 6 opened.
DEB [20170308-15:39:32.611] thr=1   paramiko.transport: [chan 6] Sesch channel 6 request ok
DEB [20170308-15:39:32.640] thr=1   paramiko.transport: [chan 6] Sesch channel 6 request ok
DEB [20170308-15:39:32.763] thr=1   paramiko.transport: [chan 9] EOF received (9)
DEB [20170308-15:39:32.764] thr=1   paramiko.transport: [chan 9] EOF sent (9)
DEB [20170308-15:39:32.797] thr=2   paramiko.transport: [chan 10] Max packet in: 32768 bytes
DEB [20170308-15:39:32.879] thr=1   paramiko.transport: [chan 10] Max packet out: 32768 bytes
DEB [20170308-15:39:32.879] thr=1   paramiko.transport: Secsh channel 10 opened.
DEB [20170308-15:39:32.929] thr=1   paramiko.transport: [chan 10] Sesch channel 10 request ok
DEB [20170308-15:39:32.961] thr=1   paramiko.transport: [chan 10] Sesch channel 10 request ok
DEB [20170308-15:39:33.518] thr=1   paramiko.transport: [chan 10] EOF received (10)
DEB [20170308-15:39:33.518] thr=1   paramiko.transport: [chan 6] EOF received (6)
DEB [20170308-15:39:33.519] thr=1   paramiko.transport: [chan 10] EOF sent (10)
DEB [20170308-15:39:33.519] thr=1   paramiko.transport: [chan 6] EOF sent (6)
DEB [20170308-15:39:33.531] thr=2   paramiko.transport: [chan 11] Max packet in: 32768 bytes
DEB [20170308-15:39:33.546] thr=2   paramiko.transport: [chan 7] Max packet in: 32768 bytes
DEB [20170308-15:39:33.628] thr=1   paramiko.transport: [chan 7] Max packet out: 32768 bytes
DEB [20170308-15:39:33.628] thr=1   paramiko.transport: [chan 11] Max packet out: 32768 bytes
DEB [20170308-15:39:33.629] thr=1   paramiko.transport: Secsh channel 7 opened.
DEB [20170308-15:39:33.629] thr=1   paramiko.transport: Secsh channel 11 opened.
DEB [20170308-15:39:33.683] thr=1   paramiko.transport: [chan 11] Sesch channel 11 request ok
DEB [20170308-15:39:33.683] thr=1   paramiko.transport: [chan 7] Sesch channel 7 request ok
DEB [20170308-15:39:33.712] thr=1   paramiko.transport: [chan 11] Sesch channel 11 request ok
DEB [20170308-15:39:33.724] thr=1   paramiko.transport: [chan 7] Sesch channel 7 request ok
DEB [20170308-15:39:34.177] thr=1   paramiko.transport: [chan 11] EOF received (11)
DEB [20170308-15:39:34.179] thr=1   paramiko.transport: [chan 11] EOF sent (11)
DEB [20170308-15:39:34.185] thr=2   paramiko.transport: [chan 12] Max packet in: 32768 bytes
DEB [20170308-15:39:34.285] thr=1   paramiko.transport: [chan 12] Max packet out: 32768 bytes
DEB [20170308-15:39:34.285] thr=1   paramiko.transport: Secsh channel 12 opened.
DEB [20170308-15:39:34.314] thr=1   paramiko.transport: [chan 12] Sesch channel 12 request ok
DEB [20170308-15:39:34.347] thr=1   paramiko.transport: [chan 12] Sesch channel 12 request ok
DEB [20170308-15:39:34.799] thr=1   paramiko.transport: [chan 12] EOF received (12)
DEB [20170308-15:39:34.800] thr=1   paramiko.transport: [chan 12] EOF sent (12)
DEB [20170308-15:39:34.815] thr=2   paramiko.transport: [chan 13] Max packet in: 32768 bytes
DEB [20170308-15:39:34.919] thr=1   paramiko.transport: [chan 13] Max packet out: 32768 bytes
DEB [20170308-15:39:34.919] thr=1   paramiko.transport: Secsh channel 13 opened.
DEB [20170308-15:39:34.953] thr=1   paramiko.transport: [chan 13] Sesch channel 13 request ok
DEB [20170308-15:39:34.983] thr=1   paramiko.transport: [chan 13] Sesch channel 13 request ok
DEB [20170308-15:39:35.038] thr=1   paramiko.transport: [chan 7] EOF received (7)
DEB [20170308-15:39:35.039] thr=1   paramiko.transport: [chan 7] EOF sent (7)
DEB [20170308-15:39:35.046] thr=2   paramiko.transport: [chan 8] Max packet in: 32768 bytes
DEB [20170308-15:39:35.145] thr=1   paramiko.transport: [chan 8] Max packet out: 32768 bytes
DEB [20170308-15:39:35.146] thr=1   paramiko.transport: Secsh channel 8 opened.
DEB [20170308-15:39:35.175] thr=1   paramiko.transport: [chan 8] Sesch channel 8 request ok
DEB [20170308-15:39:35.208] thr=1   paramiko.transport: [chan 8] Sesch channel 8 request ok
DEB [20170308-15:39:35.515] thr=1   paramiko.transport: [chan 13] EOF received (13)
DEB [20170308-15:39:35.516] thr=1   paramiko.transport: [chan 13] EOF sent (13)
DEB [20170308-15:39:35.522] thr=2   paramiko.transport: [chan 14] Max packet in: 32768 bytes
DEB [20170308-15:39:35.638] thr=1   paramiko.transport: [chan 14] Max packet out: 32768 bytes
DEB [20170308-15:39:35.639] thr=1   paramiko.transport: Secsh channel 14 opened.
DEB [20170308-15:39:35.684] thr=1   paramiko.transport: [chan 14] Sesch channel 14 request ok
DEB [20170308-15:39:35.713] thr=1   paramiko.transport: [chan 14] Sesch channel 14 request ok
DEB [20170308-15:39:36.131] thr=1   paramiko.transport: [chan 8] EOF received (8)
DEB [20170308-15:39:36.132] thr=1   paramiko.transport: [chan 8] EOF sent (8)
DEB [20170308-15:39:36.146] thr=2   paramiko.transport: [chan 9] Max packet in: 32768 bytes
DEB [20170308-15:39:36.189] thr=1   paramiko.transport: [chan 14] EOF received (14)
DEB [20170308-15:39:36.190] thr=1   paramiko.transport: [chan 14] EOF sent (14)
DEB [20170308-15:39:36.220] thr=2   paramiko.transport: [chan 15] Max packet in: 32768 bytes
DEB [20170308-15:39:36.236] thr=1   paramiko.transport: [chan 9] Max packet out: 32768 bytes
DEB [20170308-15:39:36.237] thr=1   paramiko.transport: Secsh channel 9 opened.
DEB [20170308-15:39:36.320] thr=1   paramiko.transport: [chan 9] Sesch channel 9 request ok
DEB [20170308-15:39:36.321] thr=1   paramiko.transport: [chan 15] Max packet out: 32768 bytes
DEB [20170308-15:39:36.321] thr=1   paramiko.transport: Secsh channel 15 opened.
DEB [20170308-15:39:36.350] thr=1   paramiko.transport: [chan 9] Sesch channel 9 request ok
DEB [20170308-15:39:36.351] thr=1   paramiko.transport: [chan 15] Sesch channel 15 request ok
DEB [20170308-15:39:36.382] thr=1   paramiko.transport: [chan 15] Sesch channel 15 request ok
DEB [20170308-15:39:37.051] thr=1   paramiko.transport: [chan 15] EOF received (15)
DEB [20170308-15:39:37.052] thr=1   paramiko.transport: [chan 15] EOF sent (15)
DEB [20170308-15:39:37.088] thr=2   paramiko.transport: [chan 16] Max packet in: 32768 bytes
DEB [20170308-15:39:37.161] thr=1   paramiko.transport: [chan 16] Max packet out: 32768 bytes
DEB [20170308-15:39:37.161] thr=1   paramiko.transport: Secsh channel 16 opened.
DEB [20170308-15:39:37.222] thr=1   paramiko.transport: [chan 16] Sesch channel 16 request ok
DEB [20170308-15:39:37.255] thr=1   paramiko.transport: [chan 16] Sesch channel 16 request ok
DEB [20170308-15:39:37.768] thr=1   paramiko.transport: [chan 9] EOF received (9)
DEB [20170308-15:39:37.769] thr=1   paramiko.transport: [chan 9] EOF sent (9)
DEB [20170308-15:39:37.776] thr=2   paramiko.transport: [chan 10] Max packet in: 32768 bytes
DEB [20170308-15:39:37.828] thr=1   paramiko.transport: [chan 16] EOF received (16)
DEB [20170308-15:39:37.829] thr=1   paramiko.transport: [chan 16] EOF sent (16)
DEB [20170308-15:39:37.861] thr=2   paramiko.transport: [chan 17] Max packet in: 32768 bytes
DEB [20170308-15:39:37.899] thr=1   paramiko.transport: [chan 10] Max packet out: 32768 bytes
DEB [20170308-15:39:37.900] thr=1   paramiko.transport: Secsh channel 10 opened.
DEB [20170308-15:39:37.940] thr=1   paramiko.transport: [chan 17] Max packet out: 32768 bytes
DEB [20170308-15:39:37.941] thr=1   paramiko.transport: Secsh channel 17 opened.
DEB [20170308-15:39:37.941] thr=1   paramiko.transport: [chan 10] Sesch channel 10 request ok
DEB [20170308-15:39:37.970] thr=1   paramiko.transport: [chan 10] Sesch channel 10 request ok
DEB [20170308-15:39:37.991] thr=1   paramiko.transport: [chan 17] Sesch channel 17 request ok
DEB [20170308-15:39:38.020] thr=1   paramiko.transport: [chan 17] Sesch channel 17 request ok
DEB [20170308-15:39:38.587] thr=1   paramiko.transport: [chan 10] EOF received (10)
DEB [20170308-15:39:38.588] thr=1   paramiko.transport: [chan 10] EOF sent (10)
DEB [20170308-15:39:38.597] thr=2   paramiko.transport: [chan 11] Max packet in: 32768 bytes
DEB [20170308-15:39:38.609] thr=1   paramiko.transport: [chan 17] EOF received (17)
DEB [20170308-15:39:38.609] thr=1   paramiko.transport: [chan 17] EOF sent (17)
DEB [20170308-15:39:38.626] thr=2   paramiko.transport: [chan 18] Max packet in: 32768 bytes
DEB [20170308-15:39:38.705] thr=1   paramiko.transport: [chan 11] Max packet out: 32768 bytes
DEB [20170308-15:39:38.705] thr=1   paramiko.transport: Secsh channel 11 opened.
DEB [20170308-15:39:38.715] thr=1   paramiko.transport: [chan 18] Max packet out: 32768 bytes
DEB [20170308-15:39:38.716] thr=1   paramiko.transport: Secsh channel 18 opened.
DEB [20170308-15:39:38.734] thr=1   paramiko.transport: [chan 11] Sesch channel 11 request ok
DEB [20170308-15:39:38.758] thr=1   paramiko.transport: [chan 18] Sesch channel 18 request ok
DEB [20170308-15:39:38.763] thr=1   paramiko.transport: [chan 11] Sesch channel 11 request ok
DEB [20170308-15:39:38.789] thr=1   paramiko.transport: [chan 18] Sesch channel 18 request ok
DEB [20170308-15:39:39.305] thr=1   paramiko.transport: [chan 11] EOF received (11)
DEB [20170308-15:39:39.306] thr=1   paramiko.transport: [chan 18] EOF received (18)
DEB [20170308-15:39:39.306] thr=1   paramiko.transport: [chan 11] EOF sent (11)
DEB [20170308-15:39:39.306] thr=1   paramiko.transport: [chan 18] EOF sent (18)
DEB [20170308-15:39:39.311] thr=2   paramiko.transport: [chan 19] Max packet in: 32768 bytes
DEB [20170308-15:39:39.332] thr=2   paramiko.transport: [chan 12] Max packet in: 32768 bytes
DEB [20170308-15:39:39.414] thr=1   paramiko.transport: [chan 19] Max packet out: 32768 bytes
DEB [20170308-15:39:39.414] thr=1   paramiko.transport: [chan 12] Max packet out: 32768 bytes
DEB [20170308-15:39:39.415] thr=1   paramiko.transport: Secsh channel 19 opened.
DEB [20170308-15:39:39.415] thr=1   paramiko.transport: Secsh channel 12 opened.
DEB [20170308-15:39:39.448] thr=1   paramiko.transport: [chan 19] Sesch channel 19 request ok
DEB [20170308-15:39:39.461] thr=1   paramiko.transport: [chan 12] Sesch channel 12 request ok
DEB [20170308-15:39:39.478] thr=1   paramiko.transport: [chan 19] Sesch channel 19 request ok
DEB [20170308-15:39:39.491] thr=1   paramiko.transport: [chan 12] Sesch channel 12 request ok
DEB [20170308-15:39:39.939] thr=1   paramiko.transport: [chan 19] EOF received (19)
DEB [20170308-15:39:39.940] thr=1   paramiko.transport: [chan 19] EOF sent (19)
DEB [20170308-15:39:39.954] thr=2   paramiko.transport: [chan 20] Max packet in: 32768 bytes
DEB [20170308-15:39:39.978] thr=1   paramiko.transport: [chan 12] EOF received (12)
DEB [20170308-15:39:39.979] thr=1   paramiko.transport: [chan 12] EOF sent (12)
DEB [20170308-15:39:39.997] thr=2   paramiko.transport: [chan 13] Max packet in: 32768 bytes
DEB [20170308-15:39:40.046] thr=1   paramiko.transport: [chan 20] Max packet out: 32768 bytes
DEB [20170308-15:39:40.046] thr=1   paramiko.transport: Secsh channel 20 opened.
DEB [20170308-15:39:40.090] thr=1   paramiko.transport: [chan 20] Sesch channel 20 request ok
DEB [20170308-15:39:40.102] thr=1   paramiko.transport: [chan 13] Max packet out: 32768 bytes
DEB [20170308-15:39:40.103] thr=1   paramiko.transport: Secsh channel 13 opened.
DEB [20170308-15:39:40.120] thr=1   paramiko.transport: [chan 20] Sesch channel 20 request ok
DEB [20170308-15:39:40.135] thr=1   paramiko.transport: [chan 13] Sesch channel 13 request ok
DEB [20170308-15:39:40.167] thr=1   paramiko.transport: [chan 13] Sesch channel 13 request ok
DEB [20170308-15:39:40.636] thr=1   paramiko.transport: [chan 20] EOF received (20)
DEB [20170308-15:39:40.638] thr=1   paramiko.transport: [chan 20] EOF sent (20)
DEB [20170308-15:39:40.641] thr=2   paramiko.transport: [chan 21] Max packet in: 32768 bytes
DEB [20170308-15:39:40.673] thr=1   paramiko.transport: [chan 13] EOF received (13)
DEB [20170308-15:39:40.675] thr=1   paramiko.transport: [chan 13] EOF sent (13)
DEB [20170308-15:39:40.680] thr=2   paramiko.transport: [chan 14] Max packet in: 32768 bytes
DEB [20170308-15:39:40.744] thr=1   paramiko.transport: [chan 21] Max packet out: 32768 bytes
DEB [20170308-15:39:40.744] thr=1   paramiko.transport: Secsh channel 21 opened.
DEB [20170308-15:39:40.773] thr=1   paramiko.transport: [chan 21] Sesch channel 21 request ok
DEB [20170308-15:39:40.802] thr=1   paramiko.transport: [chan 14] Max packet out: 32768 bytes
DEB [20170308-15:39:40.803] thr=1   paramiko.transport: Secsh channel 14 opened.
DEB [20170308-15:39:40.807] thr=1   paramiko.transport: [chan 21] Sesch channel 21 request ok
DEB [20170308-15:39:40.841] thr=1   paramiko.transport: [chan 14] Sesch channel 14 request ok
DEB [20170308-15:39:40.884] thr=1   paramiko.transport: [chan 14] Sesch channel 14 request ok
DEB [20170308-15:39:41.454] thr=1   paramiko.transport: [chan 14] EOF received (14)
DEB [20170308-15:39:41.455] thr=1   paramiko.transport: [chan 14] EOF sent (14)
DEB [20170308-15:39:41.472] thr=1   paramiko.transport: [chan 21] EOF received (21)
DEB [20170308-15:39:41.473] thr=1   paramiko.transport: [chan 21] EOF sent (21)
DEB [20170308-15:39:41.477] thr=2   paramiko.transport: [chan 22] Max packet in: 32768 bytes
DEB [20170308-15:39:41.489] thr=2   paramiko.transport: [chan 15] Max packet in: 32768 bytes
DEB [20170308-15:39:41.573] thr=1   paramiko.transport: [chan 15] Max packet out: 32768 bytes
DEB [20170308-15:39:41.573] thr=1   paramiko.transport: Secsh channel 15 opened.
DEB [20170308-15:39:41.576] thr=1   paramiko.transport: [chan 22] Max packet out: 32768 bytes
DEB [20170308-15:39:41.576] thr=1   paramiko.transport: Secsh channel 22 opened.
DEB [20170308-15:39:41.607] thr=1   paramiko.transport: [chan 22] Sesch channel 22 request ok
DEB [20170308-15:39:41.619] thr=1   paramiko.transport: [chan 15] Sesch channel 15 request ok
DEB [20170308-15:39:41.638] thr=1   paramiko.transport: [chan 22] Sesch channel 22 request ok
DEB [20170308-15:39:41.652] thr=1   paramiko.transport: [chan 15] Sesch channel 15 request ok
DEB [20170308-15:39:42.273] thr=1   paramiko.transport: [chan 22] EOF received (22)
DEB [20170308-15:39:42.275] thr=1   paramiko.transport: [chan 22] EOF sent (22)
DEB [20170308-15:39:42.279] thr=2   paramiko.transport: [chan 23] Max packet in: 32768 bytes
DEB [20170308-15:39:42.388] thr=1   paramiko.transport: [chan 23] Max packet out: 32768 bytes
DEB [20170308-15:39:42.389] thr=1   paramiko.transport: Secsh channel 23 opened.
DEB [20170308-15:39:42.427] thr=1   paramiko.transport: [chan 23] Sesch channel 23 request ok
DEB [20170308-15:39:42.460] thr=1   paramiko.transport: [chan 23] Sesch channel 23 request ok
DEB [20170308-15:39:42.990] thr=1   paramiko.transport: [chan 23] EOF received (23)
DEB [20170308-15:39:42.991] thr=1   paramiko.transport: [chan 23] EOF sent (23)
DEB [20170308-15:39:42.996] thr=2   paramiko.transport: [chan 24] Max packet in: 32768 bytes
DEB [20170308-15:39:43.031] thr=1   paramiko.transport: [chan 15] EOF received (15)
DEB [20170308-15:39:43.032] thr=1   paramiko.transport: [chan 15] EOF sent (15)
DEB [20170308-15:39:43.061] thr=2   paramiko.transport: [chan 16] Max packet in: 32768 bytes
DEB [20170308-15:39:43.110] thr=1   paramiko.transport: [chan 24] Max packet out: 32768 bytes
DEB [20170308-15:39:43.110] thr=1   paramiko.transport: Secsh channel 24 opened.
DEB [20170308-15:39:43.136] thr=1   paramiko.transport: [chan 16] Max packet out: 32768 bytes
DEB [20170308-15:39:43.137] thr=1   paramiko.transport: Secsh channel 16 opened.
DEB [20170308-15:39:43.143] thr=1   paramiko.transport: [chan 24] Sesch channel 24 request ok
DEB [20170308-15:39:43.174] thr=1   paramiko.transport: [chan 24] Sesch channel 24 request ok
DEB [20170308-15:39:43.194] thr=1   paramiko.transport: [chan 16] Sesch channel 16 request ok
DEB [20170308-15:39:43.223] thr=1   paramiko.transport: [chan 16] Sesch channel 16 request ok
DEB [20170308-15:39:43.676] thr=1   paramiko.transport: [chan 24] EOF received (24)
DEB [20170308-15:39:43.677] thr=1   paramiko.transport: [chan 24] EOF sent (24)
DEB [20170308-15:39:43.681] thr=2   paramiko.transport: [chan 25] Max packet in: 32768 bytes
DEB [20170308-15:39:43.789] thr=1   paramiko.transport: [chan 25] Max packet out: 32768 bytes
DEB [20170308-15:39:43.789] thr=1   paramiko.transport: Secsh channel 25 opened.
DEB [20170308-15:39:43.822] thr=1   paramiko.transport: [chan 25] Sesch channel 25 request ok
DEB [20170308-15:39:43.852] thr=1   paramiko.transport: [chan 25] Sesch channel 25 request ok
DEB [20170308-15:39:44.425] thr=1   paramiko.transport: [chan 25] EOF received (25)
DEB [20170308-15:39:44.426] thr=1   paramiko.transport: [chan 25] EOF sent (25)
DEB [20170308-15:39:44.519] thr=1   paramiko.transport: [chan 16] EOF received (16)
DEB [20170308-15:39:44.520] thr=1   paramiko.transport: [chan 16] EOF sent (16)
DEB [20170308-15:39:44.533] thr=2   paramiko.transport: [chan 17] Max packet in: 32768 bytes
DEB [20170308-15:39:44.627] thr=1   paramiko.transport: [chan 17] Max packet out: 32768 bytes
DEB [20170308-15:39:44.627] thr=1   paramiko.transport: Secsh channel 17 opened.
DEB [20170308-15:39:44.668] thr=1   paramiko.transport: [chan 17] Sesch channel 17 request ok
DEB [20170308-15:39:44.699] thr=1   paramiko.transport: [chan 17] Sesch channel 17 request ok
DEB [20170308-15:39:45.859] thr=1   paramiko.transport: [chan 17] EOF received (17)
DEB [20170308-15:39:45.860] thr=1   paramiko.transport: [chan 17] EOF sent (17)
DEB [20170308-15:39:45.872] thr=2   paramiko.transport: [chan 18] Max packet in: 32768 bytes
DEB [20170308-15:39:45.980] thr=1   paramiko.transport: [chan 18] Max packet out: 32768 bytes
DEB [20170308-15:39:45.981] thr=1   paramiko.transport: Secsh channel 18 opened.
DEB [20170308-15:39:46.018] thr=1   paramiko.transport: [chan 18] Sesch channel 18 request ok
DEB [20170308-15:39:46.051] thr=1   paramiko.transport: [chan 18] Sesch channel 18 request ok
DEB [20170308-15:39:47.394] thr=1   paramiko.transport: [chan 18] EOF received (18)
DEB [20170308-15:39:47.395] thr=1   paramiko.transport: [chan 18] EOF sent (18)
DEB [20170308-15:39:47.423] thr=2   paramiko.transport: [chan 19] Max packet in: 32768 bytes
DEB [20170308-15:39:47.515] thr=1   paramiko.transport: [chan 19] Max packet out: 32768 bytes
DEB [20170308-15:39:47.515] thr=1   paramiko.transport: Secsh channel 19 opened.
DEB [20170308-15:39:47.554] thr=1   paramiko.transport: [chan 19] Sesch channel 19 request ok
DEB [20170308-15:39:47.583] thr=1   paramiko.transport: [chan 19] Sesch channel 19 request ok
DEB [20170308-15:39:48.222] thr=1   paramiko.transport: [chan 19] EOF received (19)
DEB [20170308-15:39:48.222] thr=1   paramiko.transport: [chan 19] EOF sent (19)
DEB [20170308-15:39:48.254] thr=2   paramiko.transport: [chan 20] Max packet in: 32768 bytes
DEB [20170308-15:39:48.330] thr=1   paramiko.transport: [chan 20] Max packet out: 32768 bytes
DEB [20170308-15:39:48.331] thr=1   paramiko.transport: Secsh channel 20 opened.
DEB [20170308-15:39:48.388] thr=1   paramiko.transport: [chan 20] Sesch channel 20 request ok
DEB [20170308-15:39:48.417] thr=1   paramiko.transport: [chan 20] Sesch channel 20 request ok
DEB [20170308-15:39:49.546] thr=1   paramiko.transport: [chan 20] EOF received (20)
DEB [20170308-15:39:49.547] thr=1   paramiko.transport: [chan 20] EOF sent (20)
DEB [20170308-15:39:49.557] thr=2   paramiko.transport: [chan 21] Max packet in: 32768 bytes
DEB [20170308-15:39:49.699] thr=1   paramiko.transport: [chan 21] Max packet out: 32768 bytes
DEB [20170308-15:39:49.699] thr=1   paramiko.transport: Secsh channel 21 opened.
DEB [20170308-15:39:49.755] thr=1   paramiko.transport: [chan 21] Sesch channel 21 request ok
DEB [20170308-15:39:49.789] thr=1   paramiko.transport: [chan 21] Sesch channel 21 request ok
DEB [20170308-15:39:51.080] thr=1   paramiko.transport: [chan 21] EOF received (21)
DEB [20170308-15:39:51.081] thr=1   paramiko.transport: [chan 21] EOF sent (21)
DEB [20170308-15:39:51.097] thr=2   paramiko.transport: [chan 22] Max packet in: 32768 bytes
DEB [20170308-15:39:51.214] thr=1   paramiko.transport: [chan 22] Max packet out: 32768 bytes
DEB [20170308-15:39:51.215] thr=1   paramiko.transport: Secsh channel 22 opened.
DEB [20170308-15:39:51.264] thr=1   paramiko.transport: [chan 22] Sesch channel 22 request ok
DEB [20170308-15:39:51.293] thr=1   paramiko.transport: [chan 22] Sesch channel 22 request ok
DEB [20170308-15:39:52.943] thr=1   paramiko.transport: [chan 22] EOF received (22)
DEB [20170308-15:39:52.944] thr=1   paramiko.transport: [chan 22] EOF sent (22)
DEB [20170308-15:39:52.969] thr=2   paramiko.transport: [chan 23] Max packet in: 32768 bytes
DEB [20170308-15:39:53.066] thr=1   paramiko.transport: [chan 23] Max packet out: 32768 bytes
DEB [20170308-15:39:53.067] thr=1   paramiko.transport: Secsh channel 23 opened.
DEB [20170308-15:39:53.110] thr=1   paramiko.transport: [chan 23] Sesch channel 23 request ok
DEB [20170308-15:39:53.203] thr=1   paramiko.transport: [chan 23] Sesch channel 23 request ok
DEB [20170308-15:39:54.579] thr=1   paramiko.transport: [chan 23] EOF received (23)
DEB [20170308-15:39:54.580] thr=1   paramiko.transport: [chan 23] EOF sent (23)
DEB [20170308-15:39:54.612] thr=2   paramiko.transport: [chan 24] Max packet in: 32768 bytes
DEB [20170308-15:39:54.922] thr=1   paramiko.transport: [chan 24] Max packet out: 32768 bytes
DEB [20170308-15:39:54.922] thr=1   paramiko.transport: Secsh channel 24 opened.
DEB [20170308-15:39:54.973] thr=1   paramiko.transport: [chan 24] Sesch channel 24 request ok
DEB [20170308-15:39:55.016] thr=1   paramiko.transport: [chan 24] Sesch channel 24 request ok
DEB [20170308-15:39:56.096] thr=1   paramiko.transport: [chan 24] EOF received (24)
DEB [20170308-15:39:56.096] thr=1   paramiko.transport: [chan 24] EOF sent (24)
DEB [20170308-15:39:56.122] thr=2   paramiko.transport: [chan 25] Max packet in: 32768 bytes
DEB [20170308-15:39:56.194] thr=1   paramiko.transport: [chan 25] Max packet out: 32768 bytes
DEB [20170308-15:39:56.194] thr=1   paramiko.transport: Secsh channel 25 opened.
DEB [20170308-15:39:56.252] thr=1   paramiko.transport: [chan 25] Sesch channel 25 request ok
DEB [20170308-15:39:56.282] thr=1   paramiko.transport: [chan 25] Sesch channel 25 request ok
DEB [20170308-15:39:57.537] thr=1   paramiko.transport: [chan 25] EOF received (25)
DEB [20170308-15:39:57.539] thr=1   paramiko.transport: [chan 25] EOF sent (25)
